2024-08-19T03:01:21.225-05:00 DEBUG 10792 --- [server-gateway] [reactor-http-nio-2] o.s.w.s.adapter.HttpWebHandlerAdapter    : [0fe0eb7c-1] HTTP GET "/api/v1/weathers/city/Lima"
2024-08-19T03:01:21.256-05:00 DEBUG 10792 --- [server-gateway] [reactor-http-nio-2] .s.s.w.s.u.m.AndServerWebExchangeMatcher : Trying to match using org.springframework.security.web.server.csrf.CsrfWebFilter$DefaultRequireCsrfProtectionMatcher@4001bbf
2024-08-19T03:01:21.258-05:00 DEBUG 10792 --- [server-gateway] [reactor-http-nio-2] .s.s.w.s.u.m.AndServerWebExchangeMatcher : Did not match
2024-08-19T03:01:21.273-05:00 DEBUG 10792 --- [server-gateway] [reactor-http-nio-2] athPatternParserServerWebExchangeMatcher : Request 'GET /api/v1/weathers/city/Lima' doesn't match 'null /oauth2/authorization/{registrationId}'
2024-08-19T03:01:21.275-05:00 DEBUG 10792 --- [server-gateway] [reactor-http-nio-2] athPatternParserServerWebExchangeMatcher : Request 'GET /api/v1/weathers/city/Lima' doesn't match 'null /login/oauth2/code/{registrationId}'
2024-08-19T03:01:21.282-05:00 DEBUG 10792 --- [server-gateway] [reactor-http-nio-2] o.s.s.w.s.u.m.OrServerWebExchangeMatcher : Trying to match using PathMatcherServerWebExchangeMatcher{pattern='/login', method=GET}
2024-08-19T03:01:21.283-05:00 DEBUG 10792 --- [server-gateway] [reactor-http-nio-2] athPatternParserServerWebExchangeMatcher : Request 'GET /api/v1/weathers/city/Lima' doesn't match 'GET /login'
2024-08-19T03:01:21.283-05:00 DEBUG 10792 --- [server-gateway] [reactor-http-nio-2] o.s.s.w.s.u.m.OrServerWebExchangeMatcher : No matches found
2024-08-19T03:01:21.283-05:00 DEBUG 10792 --- [server-gateway] [reactor-http-nio-2] o.s.s.w.s.u.m.OrServerWebExchangeMatcher : Trying to match using PathMatcherServerWebExchangeMatcher{pattern='/logout', method=GET}
2024-08-19T03:01:21.285-05:00 DEBUG 10792 --- [server-gateway] [reactor-http-nio-2] athPatternParserServerWebExchangeMatcher : Request 'GET /api/v1/weathers/city/Lima' doesn't match 'GET /logout'
2024-08-19T03:01:21.285-05:00 DEBUG 10792 --- [server-gateway] [reactor-http-nio-2] o.s.s.w.s.u.m.OrServerWebExchangeMatcher : No matches found
2024-08-19T03:01:21.306-05:00 DEBUG 10792 --- [server-gateway] [parallel-1] o.s.w.s.s.DefaultWebSessionManager       : Created new WebSession.
2024-08-19T03:01:21.307-05:00 DEBUG 10792 --- [server-gateway] [parallel-1] o.s.s.w.s.u.m.OrServerWebExchangeMatcher : Trying to match using PathMatcherServerWebExchangeMatcher{pattern='/logout', method=POST}
2024-08-19T03:01:21.308-05:00 DEBUG 10792 --- [server-gateway] [parallel-1] athPatternParserServerWebExchangeMatcher : Request 'GET /api/v1/weathers/city/Lima' doesn't match 'POST /logout'
2024-08-19T03:01:21.308-05:00 DEBUG 10792 --- [server-gateway] [parallel-1] o.s.s.w.s.u.m.OrServerWebExchangeMatcher : No matches found
2024-08-19T03:01:21.311-05:00 DEBUG 10792 --- [server-gateway] [parallel-1] o.s.s.w.s.u.m.OrServerWebExchangeMatcher : Trying to match using PathMatcherServerWebExchangeMatcher{pattern='/public/**', method=null}
2024-08-19T03:01:21.311-05:00 DEBUG 10792 --- [server-gateway] [parallel-UserInfo attribute1] athPatternParserServerWebExchangeMatcher : Request 'GET /api/v1/weathers/city/Lima' doesn't match 'null /public/**'
2024-08-19T03:01:21.311-05:00 DEBUG 10792 --- [server-gateway] [parallel-1] o.s.s.w.s.u.m.OrServerWebExchangeMatcher : Trying to match using PathMatcherServerWebExchangeMatcher{pattern='/v3/api-docs/**', method=null}
2024-08-19T03:01:21.311-05:00 DEBUG 10792 --- [server-gateway] [parallel-1] athPatternParserServerWebExchangeMatcher : Request 'GET /api/v1/weathers/city/Lima' doesn't match 'null /v3/api-docs/**'
2024-08-19T03:01:21.312-05:00 DEBUG 10792 --- [server-gateway] [parallel-1] o.s.s.w.s.u.m.OrServerWebExchangeMatcher : Trying to match using PathMatcherServerWebExchangeMatcher{pattern='/v3/api-docs', method=null}
2024-08-19T03:01:21.312-05:00 DEBUG 10792 --- [server-gateway] [parallel-1] athPatternParserServerWebExchangeMatcher : Request 'GET /api/v1/weathers/city/Lima' doesn't match 'null /v3/api-docs'
2024-08-19T03:01:21.312-05:00 DEBUG 10792 --- [server-gateway] [parallel-1] o.s.s.w.s.u.m.OrServerWebExchangeMatcher : Trying to match using PathMatcherServerWebExchangeMatcher{pattern='/actuator/**', method=null}
2024-08-19T03:01:21.312-05:00 DEBUG 10792 --- [server-gateway] [parallel-1] athPatternParserServerWebExchangeMatcher : Request 'GET /api/v1/weathers/city/Lima' doesn't match 'null /actuator/**'
2024-08-19T03:01:21.313-05:00 DEBUG 10792 --- [server-gateway] [parallel-1] o.s.s.w.s.u.m.OrServerWebExchangeMatcher : No matches found
2024-08-19T03:01:21.314-05:00 DEBUG 10792 --- [server-gateway] [parallel-1] a.DelegatingReactiveAuthorizationManager : Checking authorization on '/api/v1/weathers/city/Lima' using org.springframework.security.authorization.AuthenticatedReactiveAuthorizationManager@23551ba1
2024-08-19T03:01:21.316-05:00 DEBUG 10792 --- [server-gateway] [parallel-1] ebSessionServerSecurityContextRepository : No SecurityContext found in WebSession: 'org.springframework.web.server.session.InMemoryWebSessionStore$InMemoryWebSession@3104b1b7'
2024-08-19T03:01:21.318-05:00 DEBUG 10792 --- [server-gateway] [parallel-1] o.s.s.w.s.a.AuthorizationWebFilter       : Authorization failed: Access Denied
2024-08-19T03:01:21.326-05:00 DEBUG 10792 --- [server-gateway] [parallel-1] ebSessionServerSecurityContextRepository : No SecurityContext found in WebSession: 'org.springframework.web.server.session.InMemoryWebSessionStore$InMemoryWebSession@3104b1b7'
2024-08-19T03:01:21.328-05:00 DEBUG 10792 --- [server-gateway] [parallel-1] DelegatingServerAuthenticationEntryPoint : Trying to match using AndServerWebExchangeMatcher{matchers=[NegatedServerWebExchangeMatcher{matcher=org.springframework.security.config.web.server.ServerHttpSecurity$OAuth2LoginSpec$$Lambda/0x0000000800717388@77e3f790}, NegatedServerWebExchangeMatcher{matcher=AndServerWebExchangeMatcher{matchers=[OrServerWebExchangeMatcher{matchers=[PathMatcherServerWebExchangeMatcher{pattern='/login', method=null}, PathMatcherServerWebExchangeMatcher{pattern='/favicon.ico', method=null}]}, AndServerWebExchangeMatcher{matchers=[NegatedServerWebExchangeMatcher{matcher=org.springframework.security.config.web.server.ServerHttpSecurity$OAuth2LoginSpec$$Lambda/0x0000000800717388@77e3f790}, MediaTypeRequestMatcher [matchingMediaTypes=[application/xhtml+xml, image/*, text/html, text/plain], useEquals=false, ignoredMediaTypes=[*/*]]]}]}}]}
2024-08-19T03:01:21.330-05:00 DEBUG 10792 --- [server-gateway] [parallel-1] .s.s.w.s.u.m.AndServerWebExchangeMatcher : Trying to match using NegatedServerWebExchangeMatcher{matcher=org.springframework.security.config.web.server.ServerHttpSecurity$OAuth2LoginSpec$$Lambda/0x0000000800717388@77e3f790}
2024-08-19T03:01:21.332-05:00 DEBUG 10792 --- [server-gateway] [parallel-1] .w.s.u.m.NegatedServerWebExchangeMatcher : matches = true
2024-08-19T03:01:21.332-05:00 DEBUG 10792 --- [server-gateway] [parallel-1] .s.s.w.s.u.m.AndServerWebExchangeMatcher : Trying to match using NegatedServerWebExchangeMatcher{matcher=AndServerWebExchangeMatcher{matchers=[OrServerWebExchangeMatcher{matchers=[PathMatcherServerWebExchangeMatcher{pattern='/login', method=null}, PathMatcherServerWebExchangeMatcher{pattern='/favicon.ico', method=null}]}, AndServerWebExchangeMatcher{matchers=[NegatedServerWebExchangeMatcher{matcher=org.springframework.security.config.web.server.ServerHttpSecurity$OAuth2LoginSpec$$Lambda/0x0000000800717388@77e3f790}, MediaTypeRequestMatcher [matchingMediaTypes=[application/xhtml+xml, image/*, text/html, text/plain], useEquals=false, ignoredMediaTypes=[*/*]]]}]}}
2024-08-19T03:01:21.332-05:00 DEBUG 10792 --- [server-gateway] [parallel-1] .s.s.w.s.u.m.AndServerWebExchangeMatcher : Trying to match using OrServerWebExchangeMatcher{matchers=[PathMatcherServerWebExchangeMatcher{pattern='/login', method=null}, PathMatcherServerWebExchangeMatcher{pattern='/favicon.ico', method=null}]}
2024-08-19T03:01:21.332-05:00 DEBUG 10792 --- [server-gateway] [parallel-1] o.s.s.w.s.u.m.OrServerWebExchangeMatcher : Trying to match using PathMatcherServerWebExchangeMatcher{pattern='/login', method=null}
2024-08-19T03:01:21.332-05:00 DEBUG 10792 --- [server-gateway] [parallel-1] athPatternParserServerWebExchangeMatcher : Request 'GET /api/v1/weathers/city/Lima' doesn't match 'null /login'
2024-08-19T03:01:21.332-05:00 DEBUG 10792 --- [server-gateway] [parallel-1] o.s.s.w.s.u.m.OrServerWebExchangeMatcher : Trying to match using PathMatcherServerWebExchangeMatcher{pattern='/favicon.ico', method=null}
2024-08-19T03:01:21.332-05:00 DEBUG 10792 --- [server-gateway] [parallel-1] athPatternParserServerWebExchangeMatcher : Request 'GET /api/v1/weathers/city/Lima' doesn't match 'null /favicon.ico'
2024-08-19T03:01:21.332-05:00 DEBUG 10792 --- [server-gateway] [parallel-1] o.s.s.w.s.u.m.OrServerWebExchangeMatcher : No matches found
2024-08-19T03:01:21.332-05:00 DEBUG 10792 --- [server-gateway] [parallel-1] .s.s.w.s.u.m.AndServerWebExchangeMatcher : Did not match
2024-08-19T03:01:21.332-05:00 DEBUG 10792 --- [server-gateway] [parallel-1] .w.s.u.m.NegatedServerWebExchangeMatcher : matches = true
2024-08-19T03:01:21.332-05:00 DEBUG 10792 --- [server-gateway] [parallel-1] .s.s.w.s.u.m.AndServerWebExchangeMatcher : All requestMatchers returned true
2024-08-19T03:01:21.332-05:00 DEBUG 10792 --- [server-gateway] [parallel-1] DelegatingServerAuthenticationEntryPoint : Match found! Executing org.springframework.security.web.server.authentication.RedirectServerAuthenticationEntryPoint@39e352c4
2024-08-19T03:01:21.334-05:00 DEBUG 10792 --- [server-gateway] [parallel-1] .s.s.w.s.u.m.AndServerWebExchangeMatcher : Trying to match using OrServerWebExchangeMatcher{matchers=[PathMatcherServerWebExchangeMatcher{pattern='/**', method=GET}]}
2024-08-19T03:01:21.334-05:00 DEBUG 10792 --- [server-gateway] [parallel-1] o.s.s.w.s.u.m.OrServerWebExchangeMatcher : Trying to match using PathMatcherServerWebExchangeMatcher{pattern='/**', method=GET}
2024-08-19T03:01:21.336-05:00 DEBUG 10792 --- [server-gateway] [parallel-1] athPatternParserServerWebExchangeMatcher : Checking match of request : '/api/v1/weathers/city/Lima'; against '/**'
2024-08-19T03:01:21.336-05:00 DEBUG 10792 --- [server-gateway] [parallel-1] o.s.s.w.s.u.m.OrServerWebExchangeMatcher : matched
2024-08-19T03:01:21.336-05:00 DEBUG 10792 --- [server-gateway] [parallel-1] .s.s.w.s.u.m.AndServerWebExchangeMatcher : Trying to match using NegatedServerWebExchangeMatcher{matcher=OrServerWebExchangeMatcher{matchers=[PathMatcherServerWebExchangeMatcher{pattern='/favicon.*', method=null}]}}
2024-08-19T03:01:21.336-05:00 DEBUG 10792 --- [server-gateway] [parallel-1] o.s.s.w.s.u.m.OrServerWebExchangeMatcher : Trying to match using PathMatcherServerWebExchangeMatcher{pattern='/favicon.*', method=null}
2024-08-19T03:01:21.336-05:00 DEBUG 10792 --- [server-gateway] [parallel-1] athPatternParserServerWebExchangeMatcher : Request 'GET /api/v1/weathers/city/Lima' doesn't match 'null /favicon.*'
2024-08-19T03:01:21.336-05:00 DEBUG 10792 --- [server-gateway] [parallel-1] o.s.s.w.s.u.m.OrServerWebExchangeMatcher : No matches found
2024-08-19T03:01:21.336-05:00 DEBUG 10792 --- [server-gateway] [parallel-1] .w.s.u.m.NegatedServerWebExchangeMatcher : matches = true
2024-08-19T03:01:21.336-05:00 DEBUG 10792 --- [server-gateway] [parallel-1] .s.s.w.s.u.m.AndServerWebExchangeMatcher : Trying to match using MediaTypeRequestMatcher [matchingMediaTypes=[text/html], useEquals=false, ignoredMediaTypes=[*/*]]
2024-08-19T03:01:21.337-05:00 DEBUG 10792 --- [server-gateway] [parallel-1] .s.u.m.MediaTypeServerWebExchangeMatcher : httpRequestMediaTypes=[text/html, application/xhtml+xml, image/avif, image/webp, image/apng, application/xml;q=0.9, application/signed-exchange;v=b3;q=0.7, */*;q=0.8]
2024-08-19T03:01:21.337-05:00 DEBUG 10792 --- [server-gateway] [parallel-1] .s.u.m.MediaTypeServerWebExchangeMatcher : Processing text/html
2024-08-19T03:01:21.337-05:00 DEBUG 10792 --- [server-gateway] [parallel-1] .s.u.m.MediaTypeServerWebExchangeMatcher : text/html .isCompatibleWith text/html = true
2024-08-19T03:01:21.337-05:00 DEBUG 10792 --- [server-gateway] [parallel-1] .s.s.w.s.u.m.AndServerWebExchangeMatcher : All requestMatchers returned true
2024-08-19T03:01:21.337-05:00 DEBUG 10792 --- [server-gateway] [parallel-1] o.s.s.w.s.s.WebSessionServerRequestCache : Request added to WebSession: '/api/v1/weathers/city/Lima'
2024-08-19T03:01:21.338-05:00 DEBUG 10792 --- [server-gateway] [parallel-1] o.s.s.w.s.DefaultServerRedirectStrategy  : Redirecting to '/oauth2/authorization/azure'
2024-08-19T03:01:21.339-05:00 DEBUG 10792 --- [server-gateway] [parallel-1] o.s.w.s.adapter.HttpWebHandlerAdapter    : [0fe0eb7c-1] Completed 302 FOUND
2024-08-19T03:01:21.363-05:00 DEBUG 10792 --- [server-gateway] [reactor-http-nio-2] o.s.w.s.adapter.HttpWebHandlerAdapter    : [0fe0eb7c-2] HTTP GET "/oauth2/authorization/azure"
2024-08-19T03:01:21.364-05:00 DEBUG 10792 --- [server-gateway] [reactor-http-nio-2] .s.s.w.s.u.m.AndServerWebExchangeMatcher : Trying to match using org.springframework.security.web.server.csrf.CsrfWebFilter$DefaultRequireCsrfProtectionMatcher@4001bbf
2024-08-19T03:01:21.364-05:00 DEBUG 10792 --- [server-gateway] [reactor-http-nio-2] .s.s.w.s.u.m.AndServerWebExchangeMatcher : Did not match
2024-08-19T03:01:21.364-05:00 DEBUG 10792 --- [server-gateway] [reactor-http-nio-2] athPatternParserServerWebExchangeMatcher : Checking match of request : '/oauth2/authorization/azure'; against '/oauth2/authorization/{registrationId}'
2024-08-19T03:01:21.372-05:00 DEBUG 10792 --- [server-gateway] [reactor-http-nio-2] o.s.s.w.s.DefaultServerRedirectStrategy  : Redirecting to 'https://login.microsoftonline.com/4586e580-79b4-47df-b84f-8f00eeaaa19b/oauth2/v2.0/authorize?response_type=code&client_id=dcead11f-75db-4c1c-8ae1-2c053b74618f&scope=openid%20profile%20user.read&state=fvFqY0tlwxTAMFsMmdHkT2f7XyLTTeUqktU_4ZcF4Ec%3D&redirect_uri=http://localhost:7002/login/oauth2/code/azure&nonce=sf7nA6bbCk6S_gHxEYfmiRZTvs66jjBjaywWIDTUd6g'
2024-08-19T03:01:21.372-05:00 DEBUG 10792 --- [server-gateway] [reactor-http-nio-2] o.s.w.s.adapter.HttpWebHandlerAdapter    : [0fe0eb7c-2] Completed 302 FOUND
2024-08-19T03:01:28.966-05:00 DEBUG 10792 --- [server-gateway] [reactor-http-nio-2] o.s.w.s.adapter.HttpWebHandlerAdapter    : [0fe0eb7c-3] HTTP GET "/login/oauth2/code/azure?code=0.AVAAgOWGRbR530e4T48A7qqhmx_R6tzbdRxMiuEsBTt0YY9_AAA.AgABBAIAAAApTwJmzXqdR4BN2miheQMYAgDs_wUA9P8LZDdJkaSr3kdtwZB3NZ2V51ijpHHUXrjjTpWZbN0AGZBQY6J8nHpsElSWIgWcxcahqJyAIuTQcUVbsK51vOyFYxgFSi8AZBP6DLEJJqpu-3riztNnsg9riltrp_YPWljw_DOQfOmR0Gf26c25vUxsUDl7oZOuxDYBWM--pzw0tXI4_-RUF1MpdeVKfk9-uVMZrSmdchn6GaElxUl1PECc4Pke9LIgfZiy1uPGtkkleve2NYucSs-c3n9BfYWgDfhPydK1wx-VDJWSpULbP4GoiXr2yg3dIUfYyEurZ9-kC_sFaxrMvaJtqmSAzC20-GUtQGUYyCme0BoVECQnNsngt9wFUWgi6S-4EOk8H_l0_SZZC23-yhsRRoylmWyxFLYu9_1B0Wc_7VVHlSq680ppJ8033cBLio5qDwVVrOZIgIdpYNc1ZUy9pbHM3PWMkOnmWwDsKShZmOrM1V4vsLwar8ddOYV9-4nOGvQpmYQ86MD8dMKZEvMwMUZIZDeOaiUv52q-Nql73gSrA6DTs4TFnpEfScOEek7W30KT4SgRyniUSBbnsD7ZVT70FFQR9xJTJjkMLHHps4PsoRsSA9415CJmpDLG2UO0NTiiG6zVIq3NpSYSNm7W9Lv9Sb5nzztx1g5EwAFNXTT-f1LjaW6vM8uGOHMBADfwEq6dnhUDJJfO_cQrOcLPsknNYCu3Wr8e3OGxC3UrqFyCZ7jafmK8vuKEPNOvnyFPJe9SC7OkHWPk6PVE9zbKql8yQzAE98WR3rA4MbM1zA&state=fvFqY0tlwxTAMFsMmdHkT2f7XyLTTeUqktU_4ZcF4Ec%3d&session_state=8faa9ddd-f408-42b5-b14a-26c6c4f038c9"
2024-08-19T03:01:28.966-05:00 DEBUG 10792 --- [server-gateway] [reactor-http-nio-2] .s.s.w.s.u.m.AndServerWebExchangeMatcher : Trying to match using org.springframework.security.web.server.csrf.CsrfWebFilter$DefaultRequireCsrfProtectionMatcher@4001bbf
2024-08-19T03:01:28.966-05:00 DEBUG 10792 --- [server-gateway] [reactor-http-nio-2] .s.s.w.s.u.m.AndServerWebExchangeMatcher : Did not match
2024-08-19T03:01:28.966-05:00 DEBUG 10792 --- [server-gateway] [reactor-http-nio-2] athPatternParserServerWebExchangeMatcher : Request 'GET /login/oauth2/code/azure' doesn't match 'null /oauth2/authorization/{registrationId}'
2024-08-19T03:01:28.968-05:00 DEBUG 10792 --- [server-gateway] [reactor-http-nio-2] athPatternParserServerWebExchangeMatcher : Checking match of request : '/login/oauth2/code/azure'; against '/login/oauth2/code/{registrationId}'
2024-08-19T03:01:29.404-05:00 DEBUG 10792 --- [server-gateway] [reactor-http-nio-2] o.s.w.r.f.client.ExchangeFunctions       : [1219a499] HTTP POST https://login.microsoftonline.com/4586e580-79b4-47df-b84f-8f00eeaaa19b/oauth2/v2.0/token
2024-08-19T03:01:29.775-05:00 DEBUG 10792 --- [server-gateway] [reactor-http-nio-2] org.springframework.web.HttpLogging      : [1219a499] Writing form fields [grant_type, code, redirect_uri] (content masked)
2024-08-19T03:01:30.102-05:00 DEBUG 10792 --- [server-gateway] [reactor-http-nio-2] o.s.w.r.f.client.ExchangeFunctions       : [1219a499] [a193d622-1] Response 200 OK
2024-08-19T03:01:30.124-05:00 DEBUG 10792 --- [server-gateway] [reactor-http-nio-2] org.springframework.web.HttpLogging      : [1219a499] [a193d622-1] Decoded [{token_type=Bearer, scope=email openid profile User.Read, expires_in=4634, ext_expires_in=4634, acce (truncated)...]
2024-08-19T03:01:30.253-05:00 DEBUG 10792 --- [server-gateway] [reactor-http-nio-2] o.s.w.r.f.client.ExchangeFunctions       : [35d52e0f] HTTP GET https://login.microsoftonline.com/4586e580-79b4-47df-b84f-8f00eeaaa19b/discovery/v2.0/keys
2024-08-19T03:01:30.801-05:00 DEBUG 10792 --- [server-gateway] [reactor-http-nio-2] o.s.w.r.f.client.ExchangeFunctions       : [35d52e0f] [cf9a8a94-1] Response 200 OK
2024-08-19T03:01:30.804-05:00 DEBUG 10792 --- [server-gateway] [reactor-http-nio-2] org.springframework.web.HttpLogging      : [35d52e0f] [cf9a8a94-1] Decoded "{"keys":[{"kty":"RSA","use":"sig","kid":"inEVM76gXEQEonQ0PSQXBO_7HfU","x5t":"inEVM76gXEQEonQ0PSQXBO_ (truncated)..."
2024-08-19T03:01:30.837-05:00 DEBUG 10792 --- [server-gateway] [reactor-http-nio-2] o.s.w.r.f.client.ExchangeFunctions       : [70bcc895] HTTP GET https://graph.microsoft.com/oidc/userinfo
2024-08-19T03:01:31.424-05:00 DEBUG 10792 --- [server-gateway] [reactor-http-nio-2] o.s.w.r.f.client.ExchangeFunctions       : [70bcc895] [bc24bddf-1] Response 200 OK
2024-08-19T03:01:31.436-05:00 DEBUG 10792 --- [server-gateway] [reactor-http-nio-2] org.springframework.web.HttpLogging      : [70bcc895] [bc24bddf-1] Decoded [{sub=xKKcS6CKkKqUGpLuy1E0gHf1H4TzPnJJiXwnXopvVPg, name=Usuario de Test, picture=https://graph.micros (truncated)...]
2024-08-19T03:01:31.439-05:00 DEBUG 10792 --- [server-gateway] [reactor-http-nio-2] o.s.w.r.f.client.ExchangeFunctions       : [1219a499] Cancel signal (to close connection)
2024-08-19T03:01:31.439-05:00 DEBUG 10792 --- [server-gateway] [reactor-http-nio-2] o.s.w.r.f.client.ExchangeFunctions       : [70bcc895] Cancel signal (to close connection)
2024-08-19T03:01:31.454-05:00 DEBUG 10792 --- [server-gateway] [reactor-http-nio-2] ebSessionServerSecurityContextRepository : Saved SecurityContext 'SecurityContextImpl [Authentication=OAuth2AuthenticationToken [Principal=Name: [Usuario de Test], Granted Authorities: [[OIDC_USER, SCOPE_User.Read, SCOPE_email, SCOPE_openid, SCOPE_profile]], User Attributes: [{sub=xKKcS6CKkKqUGpLuy1E0gHf1H4TzPnJJiXwnXopvVPg, ver=2.0, iss=https://login.microsoftonline.com/4586e580-79b4-47df-b84f-8f00eeaaa19b/v2.0, oid=4f98fd08-3d54-4c4d-bc7e-d75e3e29aecd, preferred_username=test-user@jerssonarrivasplata.onmicrosoft.com, uti=Wfa4GCXxv0GUI30a8UCGAA, nonce=sf7nA6bbCk6S_gHxEYfmiRZTvs66jjBjaywWIDTUd6g, picture=https://graph.microsoft.com/v1.0/me/photo/$value, tid=4586e580-79b4-47df-b84f-8f00eeaaa19b, aud=[dcead11f-75db-4c1c-8ae1-2c053b74618f], nbf=Mon Aug 19 02:56:30 PET 2024, rh=0.AVAAgOWGRbR530e4T48A7qqhmx_R6tzbdRxMiuEsBTt0YY9_ABs., name=Usuario de Test, exp=2024-08-19T09:01:30Z, iat=2024-08-19T07:56:30Z}], Credentials=[PROTECTED], Authenticated=true, Details=null, Granted Authorities=[OIDC_USER, SCOPE_User.Read, SCOPE_email, SCOPE_openid, SCOPE_profile]]]' in WebSession: 'org.springframework.web.server.session.InMemoryWebSessionStore$InMemoryWebSession@3104b1b7'
2024-08-19T03:01:31.460-05:00 DEBUG 10792 --- [server-gateway] [parallel-2] o.s.s.w.s.DefaultServerRedirectStrategy  : Redirecting to '/api/v1/weathers/city/Lima'
2024-08-19T03:01:31.460-05:00 DEBUG 10792 --- [server-gateway] [parallel-2] o.s.w.s.adapter.HttpWebHandlerAdapter    : [0fe0eb7c-3] Completed 302 FOUND
2024-08-19T03:01:31.465-05:00 DEBUG 10792 --- [server-gateway] [reactor-http-nio-2] o.s.w.s.adapter.HttpWebHandlerAdapter    : [0fe0eb7c-4] HTTP GET "/api/v1/weathers/city/Lima"
2024-08-19T03:01:31.466-05:00 DEBUG 10792 --- [server-gateway] [reactor-http-nio-2] .s.s.w.s.u.m.AndServerWebExchangeMatcher : Trying to match using org.springframework.security.web.server.csrf.CsrfWebFilter$DefaultRequireCsrfProtectionMatcher@4001bbf
2024-08-19T03:01:31.466-05:00 DEBUG 10792 --- [server-gateway] [reactor-http-nio-2] .s.s.w.s.u.m.AndServerWebExchangeMatcher : Did not match
2024-08-19T03:01:31.466-05:00 DEBUG 10792 --- [server-gateway] [reactor-http-nio-2] athPatternParserServerWebExchangeMatcher : Request 'GET /api/v1/weathers/city/Lima' doesn't match 'null /oauth2/authorization/{registrationId}'
2024-08-19T03:01:31.466-05:00 DEBUG 10792 --- [server-gateway] [reactor-http-nio-2] athPatternParserServerWebExchangeMatcher : Request 'GET /api/v1/weathers/city/Lima' doesn't match 'null /login/oauth2/code/{registrationId}'
2024-08-19T03:01:31.466-05:00 DEBUG 10792 --- [server-gateway] [reactor-http-nio-2] o.s.s.w.s.u.m.OrServerWebExchangeMatcher : Trying to match using PathMatcherServerWebExchangeMatcher{pattern='/login', method=GET}
2024-08-19T03:01:31.466-05:00 DEBUG 10792 --- [server-gateway] [reactor-http-nio-2] athPatternParserServerWebExchangeMatcher : Request 'GET /api/v1/weathers/city/Lima' doesn't match 'GET /login'
2024-08-19T03:01:31.467-05:00 DEBUG 10792 --- [server-gateway] [reactor-http-nio-2] o.s.s.w.s.u.m.OrServerWebExchangeMatcher : No matches found
2024-08-19T03:01:31.467-05:00 DEBUG 10792 --- [server-gateway] [reactor-http-nio-2] o.s.s.w.s.u.m.OrServerWebExchangeMatcher : Trying to match using PathMatcherServerWebExchangeMatcher{pattern='/logout', method=GET}
2024-08-19T03:01:31.467-05:00 DEBUG 10792 --- [server-gateway] [reactor-http-nio-2] athPatternParserServerWebExchangeMatcher : Request 'GET /api/v1/weathers/city/Lima' doesn't match 'GET /logout'
2024-08-19T03:01:31.467-05:00 DEBUG 10792 --- [server-gateway] [reactor-http-nio-2] o.s.s.w.s.u.m.OrServerWebExchangeMatcher : No matches found
2024-08-19T03:01:31.467-05:00 DEBUG 10792 --- [server-gateway] [reactor-http-nio-2] o.s.s.w.s.s.WebSessionServerRequestCache : Request removed from WebSession: '/api/v1/weathers/city/Lima'
2024-08-19T03:01:31.468-05:00 DEBUG 10792 --- [server-gateway] [reactor-http-nio-2] o.s.s.w.s.u.m.OrServerWebExchangeMatcher : Trying to match using PathMatcherServerWebExchangeMatcher{pattern='/logout', method=POST}
2024-08-19T03:01:31.468-05:00 DEBUG 10792 --- [server-gateway] [reactor-http-nio-2] athPatternParserServerWebExchangeMatcher : Request 'GET /api/v1/weathers/city/Lima' doesn't match 'POST /logout'
2024-08-19T03:01:31.468-05:00 DEBUG 10792 --- [server-gateway] [reactor-http-nio-2] o.s.s.w.s.u.m.OrServerWebExchangeMatcher : No matches found
2024-08-19T03:01:31.468-05:00 DEBUG 10792 --- [server-gateway] [reactor-http-nio-2] o.s.s.w.s.u.m.OrServerWebExchangeMatcher : Trying to match using PathMatcherServerWebExchangeMatcher{pattern='/public/**', method=null}
2024-08-19T03:01:31.468-05:00 DEBUG 10792 --- [server-gateway] [reactor-http-nio-2] athPatternParserServerWebExchangeMatcher : Request 'GET /api/v1/weathers/city/Lima' doesn't match 'null /public/**'
2024-08-19T03:01:31.469-05:00 DEBUG 10792 --- [server-gateway] [reactor-http-nio-2] o.s.s.w.s.u.m.OrServerWebExchangeMatcher : Trying to match using PathMatcherServerWebExchangeMatcher{pattern='/v3/api-docs/**', method=null}
2024-08-19T03:01:31.469-05:00 DEBUG 10792 --- [server-gateway] [reactor-http-nio-2] athPatternParserServerWebExchangeMatcher : Request 'GET /api/v1/weathers/city/Lima' doesn't match 'null /v3/api-docs/**'
2024-08-19T03:01:31.469-05:00 DEBUG 10792 --- [server-gateway] [reactor-http-nio-2] o.s.s.w.s.u.m.OrServerWebExchangeMatcher : Trying to match using PathMatcherServerWebExchangeMatcher{pattern='/v3/api-docs', method=null}
2024-08-19T03:01:31.469-05:00 DEBUG 10792 --- [server-gateway] [reactor-http-nio-2] athPatternParserServerWebExchangeMatcher : Request 'GET /api/v1/weathers/city/Lima' doesn't match 'null /v3/api-docs'
2024-08-19T03:01:31.469-05:00 DEBUG 10792 --- [server-gateway] [reactor-http-nio-2] o.s.s.w.s.u.m.OrServerWebExchangeMatcher : Trying to match using PathMatcherServerWebExchangeMatcher{pattern='/actuator/**', method=null}
2024-08-19T03:01:31.469-05:00 DEBUG 10792 --- [server-gateway] [reactor-http-nio-2] athPatternParserServerWebExchangeMatcher : Request 'GET /api/v1/weathers/city/Lima' doesn't match 'null /actuator/**'
2024-08-19T03:01:31.470-05:00 DEBUG 10792 --- [server-gateway] [reactor-http-nio-2] o.s.s.w.s.u.m.OrServerWebExchangeMatcher : No matches found
2024-08-19T03:01:31.470-05:00 DEBUG 10792 --- [server-gateway] [reactor-http-nio-2] a.DelegatingReactiveAuthorizationManager : Checking authorization on '/api/v1/weathers/city/Lima' using org.springframework.security.authorization.AuthenticatedReactiveAuthorizationManager@23551ba1
2024-08-19T03:01:31.470-05:00 DEBUG 10792 --- [server-gateway] [reactor-http-nio-2] ebSessionServerSecurityContextRepository : Found SecurityContext 'SecurityContextImpl [Authentication=OAuth2AuthenticationToken [Principal=Name: [Usuario de Test], Granted Authorities: [[OIDC_USER, SCOPE_User.Read, SCOPE_email, SCOPE_openid, SCOPE_profile]], User Attributes: [{sub=xKKcS6CKkKqUGpLuy1E0gHf1H4TzPnJJiXwnXopvVPg, ver=2.0, iss=https://login.microsoftonline.com/4586e580-79b4-47df-b84f-8f00eeaaa19b/v2.0, oid=4f98fd08-3d54-4c4d-bc7e-d75e3e29aecd, preferred_username=test-user@jerssonarrivasplata.onmicrosoft.com, uti=Wfa4GCXxv0GUI30a8UCGAA, nonce=sf7nA6bbCk6S_gHxEYfmiRZTvs66jjBjaywWIDTUd6g, picture=https://graph.microsoft.com/v1.0/me/photo/$value, tid=4586e580-79b4-47df-b84f-8f00eeaaa19b, aud=[dcead11f-75db-4c1c-8ae1-2c053b74618f], nbf=Mon Aug 19 02:56:30 PET 2024, rh=0.AVAAgOWGRbR530e4T48A7qqhmx_R6tzbdRxMiuEsBTt0YY9_ABs., name=Usuario de Test, exp=2024-08-19T09:01:30Z, iat=2024-08-19T07:56:30Z}], Credentials=[PROTECTED], Authenticated=true, Details=null, Granted Authorities=[OIDC_USER, SCOPE_User.Read, SCOPE_email, SCOPE_openid, SCOPE_profile]]]' in WebSession: 'org.springframework.web.server.session.InMemoryWebSessionStore$InMemoryWebSession@3104b1b7'
2024-08-19T03:01:31.470-05:00 DEBUG 10792 --- [server-gateway] [reactor-http-nio-2] o.s.s.w.s.a.AuthorizationWebFilter       : Authorization successful
2024-08-19T03:01:31.472-05:00 DEBUG 10792 --- [server-gateway] [reactor-http-nio-2] o.s.s.w.s.u.m.OrServerWebExchangeMatcher : Trying to match using PathMatcherServerWebExchangeMatcher{pattern='/oauth2/**', method=null}
2024-08-19T03:01:31.472-05:00 DEBUG 10792 --- [server-gateway] [reactor-http-nio-2] athPatternParserServerWebExchangeMatcher : Request 'GET /api/v1/weathers/city/Lima' doesn't match 'null /oauth2/**'
2024-08-19T03:01:31.472-05:00 DEBUG 10792 --- [server-gateway] [reactor-http-nio-2] o.s.s.w.s.u.m.OrServerWebExchangeMatcher : No matches found
2024-08-19T03:01:31.472-05:00 DEBUG 10792 --- [server-gateway] [reactor-http-nio-2] o.s.w.s.adapter.HttpWebHandlerAdapter    : [0fe0eb7c-4] Completed 200 OK
2024-08-19T03:01:32.176-05:00 DEBUG 10792 --- [server-gateway] [DiscoveryClient-CacheRefreshExecutor-%d] o.s.web.client.RestTemplate              : HTTP GET http://localhost:8761/eureka/apps/delta
2024-08-19T03:01:32.176-05:00 DEBUG 10792 --- [server-gateway] [DiscoveryClient-CacheRefreshExecutor-%d] o.s.web.client.RestTemplate              : Accept=[application/json, application/*+json]
2024-08-19T03:01:32.179-05:00 DEBUG 10792 --- [server-gateway] [DiscoveryClient-HeartbeatExecutor-%d] o.s.web.client.RestTemplate              : HTTP PUT http://localhost:8761/eureka/apps/SERVER-GATEWAY/server-gateway:c422348f-32b4-4707-9f83-8748c4e84f97?status=UP&lastDirtyTimestamp=1724054462181
2024-08-19T03:01:32.180-05:00 DEBUG 10792 --- [server-gateway] [DiscoveryClient-CacheRefreshExecutor-%d] o.s.web.client.RestTemplate              : Response 200 OK
2024-08-19T03:01:32.181-05:00 DEBUG 10792 --- [server-gateway] [DiscoveryClient-CacheRefreshExecutor-%d] o.s.web.client.RestTemplate              : Reading to [org.springframework.cloud.netflix.eureka.http.EurekaApplications]
2024-08-19T03:01:32.184-05:00 DEBUG 10792 --- [server-gateway] [DiscoveryClient-CacheRefreshExecutor-%d] o.s.web.client.RestTemplate              : HTTP GET http://localhost:8761/eureka/apps/
2024-08-19T03:01:32.185-05:00 DEBUG 10792 --- [server-gateway] [DiscoveryClient-CacheRefreshExecutor-%d] o.s.web.client.RestTemplate              : Accept=[application/json, application/*+json]
2024-08-19T03:01:32.187-05:00 DEBUG 10792 --- [server-gateway] [DiscoveryClient-CacheRefreshExecutor-%d] o.s.web.client.RestTemplate              : Response 200 OK
2024-08-19T03:01:32.187-05:00 DEBUG 10792 --- [server-gateway] [DiscoveryClient-CacheRefreshExecutor-%d] o.s.web.client.RestTemplate              : Reading to [org.springframework.cloud.netflix.eureka.http.EurekaApplications]
2024-08-19T03:01:32.188-05:00 DEBUG 10792 --- [server-gateway] [DiscoveryClient-HeartbeatExecutor-%d] o.s.web.client.RestTemplate              : Accept=[application/json, application/*+json]
2024-08-19T03:01:32.195-05:00 DEBUG 10792 --- [server-gateway] [DiscoveryClient-HeartbeatExecutor-%d] o.s.web.client.RestTemplate              : Response 200 OK
2024-08-19T03:01:50.785-05:00 DEBUG 10792 --- [server-gateway] [reactor-http-nio-2] o.s.w.s.adapter.HttpWebHandlerAdapter    : [0fe0eb7c-5] HTTP GET "/api/v1/weathers/city/Lima"
2024-08-19T03:01:50.786-05:00 DEBUG 10792 --- [server-gateway] [reactor-http-nio-2] .s.s.w.s.u.m.AndServerWebExchangeMatcher : Trying to match using org.springframework.security.web.server.csrf.CsrfWebFilter$DefaultRequireCsrfProtectionMatcher@4001bbf
2024-08-19T03:01:50.786-05:00 DEBUG 10792 --- [server-gateway] [reactor-http-nio-2] .s.s.w.s.u.m.AndServerWebExchangeMatcher : Did not match
2024-08-19T03:01:50.786-05:00 DEBUG 10792 --- [server-gateway] [reactor-http-nio-2] athPatternParserServerWebExchangeMatcher : Request 'GET /api/v1/weathers/city/Lima' doesn't match 'null /oauth2/authorization/{registrationId}'
2024-08-19T03:01:50.786-05:00 DEBUG 10792 --- [server-gateway] [reactor-http-nio-2] athPatternParserServerWebExchangeMatcher : Request 'GET /api/v1/weathers/city/Lima' doesn't match 'null /login/oauth2/code/{registrationId}'
2024-08-19T03:01:50.786-05:00 DEBUG 10792 --- [server-gateway] [reactor-http-nio-2] o.s.s.w.s.u.m.OrServerWebExchangeMatcher : Trying to match using PathMatcherServerWebExchangeMatcher{pattern='/login', method=GET}
2024-08-19T03:01:50.786-05:00 DEBUG 10792 --- [server-gateway] [reactor-http-nio-2] athPatternParserServerWebExchangeMatcher : Request 'GET /api/v1/weathers/city/Lima' doesn't match 'GET /login'
2024-08-19T03:01:50.786-05:00 DEBUG 10792 --- [server-gateway] [reactor-http-nio-2] o.s.s.w.s.u.m.OrServerWebExchangeMatcher : No matches found
2024-08-19T03:01:50.786-05:00 DEBUG 10792 --- [server-gateway] [reactor-http-nio-2] o.s.s.w.s.u.m.OrServerWebExchangeMatcher : Trying to match using PathMatcherServerWebExchangeMatcher{pattern='/logout', method=GET}
2024-08-19T03:01:50.786-05:00 DEBUG 10792 --- [server-gateway] [reactor-http-nio-2] athPatternParserServerWebExchangeMatcher : Request 'GET /api/v1/weathers/city/Lima' doesn't match 'GET /logout'
2024-08-19T03:01:50.786-05:00 DEBUG 10792 --- [server-gateway] [reactor-http-nio-2] o.s.s.w.s.u.m.OrServerWebExchangeMatcher : No matches found
2024-08-19T03:01:50.787-05:00 DEBUG 10792 --- [server-gateway] [reactor-http-nio-2] o.s.s.w.s.u.m.OrServerWebExchangeMatcher : Trying to match using PathMatcherServerWebExchangeMatcher{pattern='/logout', method=POST}
2024-08-19T03:01:50.787-05:00 DEBUG 10792 --- [server-gateway] [reactor-http-nio-2] athPatternParserServerWebExchangeMatcher : Request 'GET /api/v1/weathers/city/Lima' doesn't match 'POST /logout'
2024-08-19T03:01:50.787-05:00 DEBUG 10792 --- [server-gateway] [reactor-http-nio-2] o.s.s.w.s.u.m.OrServerWebExchangeMatcher : No matches found
2024-08-19T03:01:50.788-05:00 DEBUG 10792 --- [server-gateway] [reactor-http-nio-2] o.s.s.w.s.u.m.OrServerWebExchangeMatcher : Trying to match using PathMatcherServerWebExchangeMatcher{pattern='/public/**', method=null}
2024-08-19T03:01:50.788-05:00 DEBUG 10792 --- [server-gateway] [reactor-http-nio-2] athPatternParserServerWebExchangeMatcher : Request 'GET /api/v1/weathers/city/Lima' doesn't match 'null /public/**'
2024-08-19T03:01:50.788-05:00 DEBUG 10792 --- [server-gateway] [reactor-http-nio-2] o.s.s.w.s.u.m.OrServerWebExchangeMatcher : Trying to match using PathMatcherServerWebExchangeMatcher{pattern='/v3/api-docs/**', method=null}
2024-08-19T03:01:50.788-05:00 DEBUG 10792 --- [server-gateway] [reactor-http-nio-2] athPatternParserServerWebExchangeMatcher : Request 'GET /api/v1/weathers/city/Lima' doesn't match 'null /v3/api-docs/**'
2024-08-19T03:01:50.788-05:00 DEBUG 10792 --- [server-gateway] [reactor-http-nio-2] o.s.s.w.s.u.m.OrServerWebExchangeMatcher : Trying to match using PathMatcherServerWebExchangeMatcher{pattern='/v3/api-docs', method=null}
2024-08-19T03:01:50.788-05:00 DEBUG 10792 --- [server-gateway] [reactor-http-nio-2] athPatternParserServerWebExchangeMatcher : Request 'GET /api/v1/weathers/city/Lima' doesn't match 'null /v3/api-docs'
2024-08-19T03:01:50.788-05:00 DEBUG 10792 --- [server-gateway] [reactor-http-nio-2] o.s.s.w.s.u.m.OrServerWebExchangeMatcher : Trying to match using PathMatcherServerWebExchangeMatcher{pattern='/actuator/**', method=null}
2024-08-19T03:01:50.788-05:00 DEBUG 10792 --- [server-gateway] [reactor-http-nio-2] athPatternParserServerWebExchangeMatcher : Request 'GET /api/v1/weathers/city/Lima' doesn't match 'null /actuator/**'
2024-08-19T03:01:50.788-05:00 DEBUG 10792 --- [server-gateway] [reactor-http-nio-2] o.s.s.w.s.u.m.OrServerWebExchangeMatcher : No matches found
2024-08-19T03:01:50.788-05:00 DEBUG 10792 --- [server-gateway] [reactor-http-nio-2] a.DelegatingReactiveAuthorizationManager : Checking authorization on '/api/v1/weathers/city/Lima' using org.springframework.security.authorization.AuthenticatedReactiveAuthorizationManager@23551ba1
2024-08-19T03:01:50.789-05:00 DEBUG 10792 --- [server-gateway] [reactor-http-nio-2] ebSessionServerSecurityContextRepository : Found SecurityContext 'SecurityContextImpl [Authentication=OAuth2AuthenticationToken [Principal=Name: [Usuario de Test], Granted Authorities: [[OIDC_USER, SCOPE_User.Read, SCOPE_email, SCOPE_openid, SCOPE_profile]], User Attributes: [{sub=xKKcS6CKkKqUGpLuy1E0gHf1H4TzPnJJiXwnXopvVPg, ver=2.0, iss=https://login.microsoftonline.com/4586e580-79b4-47df-b84f-8f00eeaaa19b/v2.0, oid=4f98fd08-3d54-4c4d-bc7e-d75e3e29aecd, preferred_username=test-user@jerssonarrivasplata.onmicrosoft.com, uti=Wfa4GCXxv0GUI30a8UCGAA, nonce=sf7nA6bbCk6S_gHxEYfmiRZTvs66jjBjaywWIDTUd6g, picture=https://graph.microsoft.com/v1.0/me/photo/$value, tid=4586e580-79b4-47df-b84f-8f00eeaaa19b, aud=[dcead11f-75db-4c1c-8ae1-2c053b74618f], nbf=Mon Aug 19 02:56:30 PET 2024, rh=0.AVAAgOWGRbR530e4T48A7qqhmx_R6tzbdRxMiuEsBTt0YY9_ABs., name=Usuario de Test, exp=2024-08-19T09:01:30Z, iat=2024-08-19T07:56:30Z}], Credentials=[PROTECTED], Authenticated=true, Details=null, Granted Authorities=[OIDC_USER, SCOPE_User.Read, SCOPE_email, SCOPE_openid, SCOPE_profile]]]' in WebSession: 'org.springframework.web.server.session.InMemoryWebSessionStore$InMemoryWebSession@3104b1b7'
2024-08-19T03:01:50.789-05:00 DEBUG 10792 --- [server-gateway] [reactor-http-nio-2] o.s.s.w.s.a.AuthorizationWebFilter       : Authorization successful
2024-08-19T03:01:50.789-05:00 DEBUG 10792 --- [server-gateway] [reactor-http-nio-2] o.s.s.w.s.u.m.OrServerWebExchangeMatcher : Trying to match using PathMatcherServerWebExchangeMatcher{pattern='/oauth2/**', method=null}
2024-08-19T03:01:50.790-05:00 DEBUG 10792 --- [server-gateway] [reactor-http-nio-2] athPatternParserServerWebExchangeMatcher : Request 'GET /api/v1/weathers/city/Lima' doesn't match 'null /oauth2/**'
2024-08-19T03:01:50.790-05:00 DEBUG 10792 --- [server-gateway] [reactor-http-nio-2] o.s.s.w.s.u.m.OrServerWebExchangeMatcher : No matches found
2024-08-19T03:01:50.790-05:00 DEBUG 10792 --- [server-gateway] [reactor-http-nio-2] o.s.w.s.adapter.HttpWebHandlerAdapter    : [0fe0eb7c-5] Completed 200 OK
2024-08-19T03:02:02.199-05:00 DEBUG 10792 --- [server-gateway] [DiscoveryClient-CacheRefreshExecutor-%d] o.s.web.client.RestTemplate              : HTTP GET http://localhost:8761/eureka/apps/delta
2024-08-19T03:02:02.199-05:00 DEBUG 10792 --- [server-gateway] [DiscoveryClient-HeartbeatExecutor-%d] o.s.web.client.RestTemplate              : HTTP PUT http://localhost:8761/eureka/apps/SERVER-GATEWAY/server-gateway:c422348f-32b4-4707-9f83-8748c4e84f97?status=UP&lastDirtyTimestamp=1724054462181
2024-08-19T03:02:02.204-05:00 DEBUG 10792 --- [server-gateway] [DiscoveryClient-HeartbeatExecutor-%d] o.s.web.client.RestTemplate              : Accept=[application/json, application/*+json]
2024-08-19T03:02:02.204-05:00 DEBUG 10792 --- [server-gateway] [DiscoveryClient-CacheRefreshExecutor-%d] o.s.web.client.RestTemplate              : Accept=[application/json, application/*+json]
2024-08-19T03:02:02.214-05:00 DEBUG 10792 --- [server-gateway] [DiscoveryClient-CacheRefreshExecutor-%d] o.s.web.client.RestTemplate              : Response 200 OK
2024-08-19T03:02:02.214-05:00 DEBUG 10792 --- [server-gateway] [DiscoveryClient-HeartbeatExecutor-%d] o.s.web.client.RestTemplate              : Response 200 OK
2024-08-19T03:02:02.215-05:00 DEBUG 10792 --- [server-gateway] [DiscoveryClient-CacheRefreshExecutor-%d] o.s.web.client.RestTemplate              : Reading to [org.springframework.cloud.netflix.eureka.http.EurekaApplications]
2024-08-19T03:02:32.219-05:00 DEBUG 10792 --- [server-gateway] [DiscoveryClient-HeartbeatExecutor-%d] o.s.web.client.RestTemplate              : HTTP PUT http://localhost:8761/eureka/apps/SERVER-GATEWAY/server-gateway:c422348f-32b4-4707-9f83-8748c4e84f97?status=UP&lastDirtyTimestamp=1724054462181
2024-08-19T03:02:32.220-05:00 DEBUG 10792 --- [server-gateway] [DiscoveryClient-HeartbeatExecutor-%d] o.s.web.client.RestTemplate              : Accept=[application/json, application/*+json]
2024-08-19T03:02:32.235-05:00 DEBUG 10792 --- [server-gateway] [DiscoveryClient-CacheRefreshExecutor-%d] o.s.web.client.RestTemplate              : HTTP GET http://localhost:8761/eureka/apps/delta
2024-08-19T03:02:32.236-05:00 DEBUG 10792 --- [server-gateway] [DiscoveryClient-CacheRefreshExecutor-%d] o.s.web.client.RestTemplate              : Accept=[application/json, application/*+json]
2024-08-19T03:02:32.237-05:00 DEBUG 10792 --- [server-gateway] [DiscoveryClient-HeartbeatExecutor-%d] o.s.web.client.RestTemplate              : Response 200 OK
2024-08-19T03:02:32.252-05:00 DEBUG 10792 --- [server-gateway] [DiscoveryClient-CacheRefreshExecutor-%d] o.s.web.client.RestTemplate              : Response 200 OK
2024-08-19T03:02:32.253-05:00 DEBUG 10792 --- [server-gateway] [DiscoveryClient-CacheRefreshExecutor-%d] o.s.web.client.RestTemplate              : Reading to [org.springframework.cloud.netflix.eureka.http.EurekaApplications]
2024-08-19T03:03:02.239-05:00 DEBUG 10792 --- [server-gateway] [DiscoveryClient-HeartbeatExecutor-%d] o.s.web.client.RestTemplate              : HTTP PUT http://localhost:8761/eureka/apps/SERVER-GATEWAY/server-gateway:c422348f-32b4-4707-9f83-8748c4e84f97?status=UP&lastDirtyTimestamp=1724054462181
2024-08-19T03:03:02.240-05:00 DEBUG 10792 --- [server-gateway] [DiscoveryClient-HeartbeatExecutor-%d] o.s.web.client.RestTemplate              : Accept=[application/json, application/*+json]
2024-08-19T03:03:02.245-05:00 DEBUG 10792 --- [server-gateway] [DiscoveryClient-HeartbeatExecutor-%d] o.s.web.client.RestTemplate              : Response 200 OK
2024-08-19T03:03:02.256-05:00 DEBUG 10792 --- [server-gateway] [DiscoveryClient-CacheRefreshExecutor-%d] o.s.web.client.RestTemplate              : HTTP GET http://localhost:8761/eureka/apps/delta
2024-08-19T03:03:02.256-05:00 DEBUG 10792 --- [server-gateway] [DiscoveryClient-CacheRefreshExecutor-%d] o.s.web.client.RestTemplate              : Accept=[application/json, application/*+json]
2024-08-19T03:03:02.261-05:00 DEBUG 10792 --- [server-gateway] [DiscoveryClient-CacheRefreshExecutor-%d] o.s.web.client.RestTemplate              : Response 200 OK
2024-08-19T03:03:02.261-05:00 DEBUG 10792 --- [server-gateway] [DiscoveryClient-CacheRefreshExecutor-%d] o.s.web.client.RestTemplate              : Reading to [org.springframework.cloud.netflix.eureka.http.EurekaApplications]
2024-08-19T03:03:32.247-05:00 DEBUG 10792 --- [server-gateway] [DiscoveryClient-HeartbeatExecutor-%d] o.s.web.client.RestTemplate              : HTTP PUT http://localhost:8761/eureka/apps/SERVER-GATEWAY/server-gateway:c422348f-32b4-4707-9f83-8748c4e84f97?status=UP&lastDirtyTimestamp=1724054462181
2024-08-19T03:03:32.247-05:00 DEBUG 10792 --- [server-gateway] [DiscoveryClient-HeartbeatExecutor-%d] o.s.web.client.RestTemplate              : Accept=[application/json, application/*+json]
2024-08-19T03:03:32.253-05:00 DEBUG 10792 --- [server-gateway] [DiscoveryClient-HeartbeatExecutor-%d] o.s.web.client.RestTemplate              : Response 200 OK
2024-08-19T03:03:32.263-05:00 DEBUG 10792 --- [server-gateway] [DiscoveryClient-CacheRefreshExecutor-%d] o.s.web.client.RestTemplate              : HTTP GET http://localhost:8761/eureka/apps/delta
2024-08-19T03:03:32.263-05:00 DEBUG 10792 --- [server-gateway] [DiscoveryClient-CacheRefreshExecutor-%d] o.s.web.client.RestTemplate              : Accept=[application/json, application/*+json]
2024-08-19T03:03:32.268-05:00 DEBUG 10792 --- [server-gateway] [DiscoveryClient-CacheRefreshExecutor-%d] o.s.web.client.RestTemplate              : Response 200 OK
2024-08-19T03:03:32.269-05:00 DEBUG 10792 --- [server-gateway] [DiscoveryClient-CacheRefreshExecutor-%d] o.s.web.client.RestTemplate              : Reading to [org.springframework.cloud.netflix.eureka.http.EurekaApplications]
2024-08-19T03:03:39.602-05:00  INFO 10792 --- [server-gateway] [File Watcher] rtingClassPathChangeChangedEventListener : Restarting due to 1 class path change (0 additions, 0 deletions, 1 modification)
2024-08-19T03:03:39.606-05:00  INFO 10792 --- [server-gateway] [Thread-1] o.s.c.n.e.s.EurekaServiceRegistry        : Unregistering application SERVER-GATEWAY with eureka with status DOWN
2024-08-19T03:03:39.607-05:00  INFO 10792 --- [server-gateway] [Thread-1] com.netflix.discovery.DiscoveryClient    : Saw local status change event StatusChangeEvent [timestamp=1724054619607, current=DOWN, previous=UP]
2024-08-19T03:03:39.607-05:00  INFO 10792 --- [server-gateway] [DiscoveryClient-InstanceInfoReplicator-%d] com.netflix.discovery.DiscoveryClient    : DiscoveryClient_SERVER-GATEWAY/server-gateway:c422348f-32b4-4707-9f83-8748c4e84f97: registering service...
2024-08-19T03:03:39.607-05:00 DEBUG 10792 --- [server-gateway] [DiscoveryClient-InstanceInfoReplicator-%d] o.s.web.client.RestTemplate              : HTTP POST http://localhost:8761/eureka/apps/SERVER-GATEWAY
2024-08-19T03:03:39.608-05:00 DEBUG 10792 --- [server-gateway] [DiscoveryClient-InstanceInfoReplicator-%d] o.s.web.client.RestTemplate              : Accept=[application/json, application/*+json]
2024-08-19T03:03:39.609-05:00 DEBUG 10792 --- [server-gateway] [DiscoveryClient-InstanceInfoReplicator-%d] o.s.web.client.RestTemplate              : Writing [InstanceInfo [instanceId = server-gateway:c422348f-32b4-4707-9f83-8748c4e84f97, appName = SERVER-GATEWAY, hostName = localhost, status = DOWN, ipAddr = 192.168.0.196, port = 7002, securePort = 443, dataCenterInfo = com.netflix.appinfo.MyDataCenterInfo@6633d265] as "application/json"
2024-08-19T03:03:39.615-05:00 DEBUG 10792 --- [server-gateway] [DiscoveryClient-InstanceInfoReplicator-%d] o.s.web.client.RestTemplate              : Response 204 NO_CONTENT
2024-08-19T03:03:39.616-05:00  INFO 10792 --- [server-gateway] [DiscoveryClient-InstanceInfoReplicator-%d] com.netflix.discovery.DiscoveryClient    : DiscoveryClient_SERVER-GATEWAY/server-gateway:c422348f-32b4-4707-9f83-8748c4e84f97 - registration status: 204
2024-08-19T03:03:39.636-05:00  INFO 10792 --- [server-gateway] [Thread-1] com.netflix.discovery.DiscoveryClient    : Shutting down DiscoveryClient ...
2024-08-19T03:03:42.638-05:00  INFO 10792 --- [server-gateway] [Thread-1] com.netflix.discovery.DiscoveryClient    : Unregistering ...
2024-08-19T03:03:42.640-05:00 DEBUG 10792 --- [server-gateway] [Thread-1] o.s.web.client.RestTemplate              : HTTP DELETE http://localhost:8761/eureka/apps/SERVER-GATEWAY/server-gateway:c422348f-32b4-4707-9f83-8748c4e84f97
2024-08-19T03:03:42.640-05:00 DEBUG 10792 --- [server-gateway] [Thread-1] o.s.web.client.RestTemplate              : Accept=[application/json, application/*+json]
2024-08-19T03:03:42.646-05:00 DEBUG 10792 --- [server-gateway] [Thread-1] o.s.web.client.RestTemplate              : Response 200 OK
2024-08-19T03:03:42.646-05:00  INFO 10792 --- [server-gateway] [Thread-1] com.netflix.discovery.DiscoveryClient    : DiscoveryClient_SERVER-GATEWAY/server-gateway:c422348f-32b4-4707-9f83-8748c4e84f97 - deregister  status: 200
2024-08-19T03:03:42.646-05:00  INFO 10792 --- [server-gateway] [Thread-1] com.netflix.discovery.DiscoveryClient    : Completed shut down of DiscoveryClient
